<?xml version="1.0" encoding="UTF-8"?>
<!-- Generated by org.testng.reporters.JUnitXMLReporter -->
<testsuite ignored="0" hostname="LAPTOP-HNOEPN6I" failures="2" tests="2" name="Default test" time="1.103" errors="0" timestamp="2025-02-07T15:45:01 IST">
  <testcase classname="io.cucumber.testng.AbstractTestNGCucumberTests" name="runScenario" time="0.123">
    <failure type="java.lang.NullPointerException" message="Cannot invoke &amp;quot;org.openqa.selenium.WebDriver.get(String)&amp;quot; because &amp;quot;stepDefination.stepDefination.driver&amp;quot; is null">
      <![CDATA[java.lang.NullPointerException: Cannot invoke "org.openqa.selenium.WebDriver.get(String)" because "stepDefination.stepDefination.driver" is null
at stepDefination.stepDefination.navigate_the_application_url(stepDefination.java:28)
at ✽.navigate the application Url(file:///C:/Users/sandeep/PageObjectModel/src/test/resource/Features/Login1.feature:4)
]]>
    </failure>
  </testcase> <!-- runScenario -->
  <testcase classname="io.cucumber.testng.AbstractTestNGCucumberTests" name="runScenario" time="0.013">
    <failure type="java.lang.NullPointerException" message="Cannot invoke &amp;quot;org.openqa.selenium.WebDriver.get(String)&amp;quot; because &amp;quot;stepDefination.stepDefination.driver&amp;quot; is null">
      <![CDATA[java.lang.NullPointerException: Cannot invoke "org.openqa.selenium.WebDriver.get(String)" because "stepDefination.stepDefination.driver" is null
at stepDefination.stepDefination.navigate_the_application_url(stepDefination.java:28)
at ✽.navigate the application Url(file:///C:/Users/sandeep/PageObjectModel/src/test/resource/Features/Login2..feature:5)
]]>
    </failure>
  </testcase> <!-- runScenario -->
</testsuite> <!-- Default test -->
