<?xml version="1.0" encoding="UTF-8"?>
<testng-results ignored="0" total="2" passed="0" failed="2" skipped="0">
  <reporter-output>
  </reporter-output>
  <suite started-at="2025-02-07T15:44:59 IST" name="Default suite" finished-at="2025-02-07T15:45:00 IST" duration-ms="1103">
    <groups>
      <group name="cucumber">
        <method signature="AbstractTestNGCucumberTests.runScenario(io.cucumber.testng.PickleWrapper,io.cucumber.testng.FeatureWrapper)[pri:0, instance:runner.TestRunner@70e9c95d]" name="runScenario" class="io.cucumber.testng.AbstractTestNGCucumberTests"/>
      </group> <!-- cucumber -->
    </groups>
    <test started-at="2025-02-07T15:44:59 IST" name="Default test" finished-at="2025-02-07T15:45:00 IST" duration-ms="1103">
      <class name="runner.TestRunner">
        <test-method is-config="true" signature="setUpClass(org.testng.ITestContext)[pri:0, instance:runner.TestRunner@70e9c95d]" started-at="2025-02-07T15:44:59 IST" name="setUpClass" finished-at="2025-02-07T15:45:00 IST" duration-ms="894" status="PASS">
          <params>
            <param index="0">
              <value>
                <![CDATA[org.testng.TestRunner@2aa27288]]>
              </value>
            </param>
          </params>
          <reporter-output>
          </reporter-output>
        </test-method> <!-- setUpClass -->
        <test-method signature="runScenario(io.cucumber.testng.PickleWrapper,io.cucumber.testng.FeatureWrapper)[pri:0, instance:runner.TestRunner@70e9c95d]" started-at="2025-02-07T15:45:00 IST" name="runScenario" description="Runs Cucumber Scenarios" data-provider="scenarios" finished-at="2025-02-07T15:45:00 IST" duration-ms="123" status="FAIL">
          <params>
            <param index="0">
              <value>
                <![CDATA["Verify login functionality"]]>
              </value>
            </param>
            <param index="1">
              <value>
                <![CDATA["Cucumber login  functionality"]]>
              </value>
            </param>
          </params>
          <exception class="java.lang.NullPointerException">
            <message>
              <![CDATA[Cannot invoke "org.openqa.selenium.WebDriver.get(String)" because "stepDefination.stepDefination.driver" is null]]>
            </message>
            <full-stacktrace>
              <![CDATA[java.lang.NullPointerException: Cannot invoke "org.openqa.selenium.WebDriver.get(String)" because "stepDefination.stepDefination.driver" is null
at stepDefination.stepDefination.navigate_the_application_url(stepDefination.java:28)
at ✽.navigate the application Url(file:///C:/Users/sandeep/PageObjectModel/src/test/resource/Features/Login1.feature:4)
]]>
            </full-stacktrace>
          </exception> <!-- java.lang.NullPointerException -->
          <reporter-output>
          </reporter-output>
        </test-method> <!-- runScenario -->
        <test-method signature="runScenario(io.cucumber.testng.PickleWrapper,io.cucumber.testng.FeatureWrapper)[pri:0, instance:runner.TestRunner@70e9c95d]" started-at="2025-02-07T15:45:00 IST" name="runScenario" description="Runs Cucumber Scenarios" data-provider="scenarios" finished-at="2025-02-07T15:45:00 IST" duration-ms="13" status="FAIL">
          <params>
            <param index="0">
              <value>
                <![CDATA["Verify login functionality"]]>
              </value>
            </param>
            <param index="1">
              <value>
                <![CDATA["Cucumber login  functionality"]]>
              </value>
            </param>
          </params>
          <exception class="java.lang.NullPointerException">
            <message>
              <![CDATA[Cannot invoke "org.openqa.selenium.WebDriver.get(String)" because "stepDefination.stepDefination.driver" is null]]>
            </message>
            <full-stacktrace>
              <![CDATA[java.lang.NullPointerException: Cannot invoke "org.openqa.selenium.WebDriver.get(String)" because "stepDefination.stepDefination.driver" is null
at stepDefination.stepDefination.navigate_the_application_url(stepDefination.java:28)
at ✽.navigate the application Url(file:///C:/Users/sandeep/PageObjectModel/src/test/resource/Features/Login2..feature:5)
]]>
            </full-stacktrace>
          </exception> <!-- java.lang.NullPointerException -->
          <reporter-output>
          </reporter-output>
        </test-method> <!-- runScenario -->
        <test-method is-config="true" signature="tearDownClass()[pri:0, instance:runner.TestRunner@70e9c95d]" started-at="2025-02-07T15:45:00 IST" name="tearDownClass" finished-at="2025-02-07T15:45:00 IST" duration-ms="24" status="PASS">
          <reporter-output>
          </reporter-output>
        </test-method> <!-- tearDownClass -->
      </class> <!-- runner.TestRunner -->
    </test> <!-- Default test -->
  </suite> <!-- Default suite -->
</testng-results>
