<?xml version="1.0" encoding="UTF-8"?>
<!-- Generated by org.testng.reporters.JUnitReportReporter -->
<testsuite hostname="LAPTOP-HNOEPN6I" failures="0" tests="2" name="runner.TestRunner" time="0.136" errors="2" timestamp="2025-02-07T15:45:01 IST" skipped="0">
  <testcase classname="runner.TestRunner" name="runScenario" time="0.123">
    <error message="Cannot invoke &quot;org.openqa.selenium.WebDriver.get(String)&quot; because &quot;stepDefination.stepDefination.driver&quot; is null" type="java.lang.NullPointerException">
      <![CDATA[java.lang.NullPointerException: Cannot invoke "org.openqa.selenium.WebDriver.get(String)" because "stepDefination.stepDefination.driver" is null
at stepDefination.stepDefination.navigate_the_application_url(stepDefination.java:28)
at ✽.navigate the application Url(file:///C:/Users/sandeep/PageObjectModel/src/test/resource/Features/Login1.feature:4)
]]>
    </error>
  </testcase> <!-- runScenario -->
  <system-out/>
  <testcase classname="runner.TestRunner" name="runScenario" time="0.013">
    <error message="Cannot invoke &quot;org.openqa.selenium.WebDriver.get(String)&quot; because &quot;stepDefination.stepDefination.driver&quot; is null" type="java.lang.NullPointerException">
      <![CDATA[java.lang.NullPointerException: Cannot invoke "org.openqa.selenium.WebDriver.get(String)" because "stepDefination.stepDefination.driver" is null
at stepDefination.stepDefination.navigate_the_application_url(stepDefination.java:28)
at ✽.navigate the application Url(file:///C:/Users/sandeep/PageObjectModel/src/test/resource/Features/Login2..feature:5)
]]>
    </error>
  </testcase> <!-- runScenario -->
  <system-out/>
</testsuite> <!-- runner.TestRunner -->
